<?xml version="1.0" encoding="UTF-8"?>
<!-- Generated by org.testng.reporters.JUnitReportReporter -->
<testsuite skipped="0" hostname="Loren Yeung" name="my.company.SimpleTest" tests="2" failures="0" timestamp="2023-06-20T22:23:31 PDT" time="0.043" errors="0">
  <testcase name="simpleTestTwo" time="0.001" classname="my.company.SimpleTest"/>
  <system-out/>
  <testcase name="simpleTestOne" time="0.042" classname="my.company.SimpleTest"/>
  <system-out/>
</testsuite> <!-- my.company.SimpleTest -->
